time="2024-08-07T09:44:25+05:00" level=info msg="Configuration loaded successfully"
time="2024-08-07T09:44:25+05:00" level=fatal msg="Failed to connect to database:  pq: database \"sslmode=disable\" does not exist"
time="2024-08-07T09:45:43+05:00" level=info msg="Configuration loaded successfully"
time="2024-08-07T09:45:43+05:00" level=fatal msg="Failed to connect to database:  pq: database \"sslmode=disable\" does not exist"
time="2024-08-07T09:46:17+05:00" level=info msg="Configuration loaded successfully"
time="2024-08-07T09:46:17+05:00" level=fatal msg="Failed to connect to database:  pq: database \"sslmode=disable\" does not exist"
time="2024-08-07T09:46:58+05:00" level=info msg="Configuration loaded successfully"
time="2024-08-07T09:46:58+05:00" level=fatal msg="Failed to connect to database:  pq: database \"sslmode=disable\" does not exist"
time="2024-08-07T10:31:57+05:00" level=info msg="Configuration loaded successfully"
time="2024-08-07T10:31:57+05:00" level=fatal msg="Failed to connect to database:  pq: database \"sslmode=disable\" does not exist"
time="2024-08-07T10:32:10+05:00" level=info msg="Configuration loaded successfully"
time="2024-08-07T10:32:10+05:00" level=fatal msg="Failed to connect to database:  pq: database \"sslmode=disable\" does not exist"
time="2024-08-07T10:33:01+05:00" level=info msg="Configuration loaded successfully"
time="2024-08-07T10:33:01+05:00" level=fatal msg="Failed to connect to database:  pq: database \"sslmode=disable\" does not exist"
time="2024-08-07T10:55:34+05:00" level=info msg="Configuration loaded successfully"
time="2024-08-07T10:55:34+05:00" level=info msg="Connected to the database successfully"
time="2024-08-07T10:55:34+05:00" level=info msg="User service started successfully"
time="2024-08-07T14:24:17+05:00" level=info msg="Configuration loaded successfully"
time="2024-08-07T14:24:17+05:00" level=info msg="Connected to the database successfully"
time="2024-08-07T14:24:17+05:00" level=info msg="User service started successfully"
time="2024-08-07T14:29:05+05:00" level=info msg="Received signal: interrupt"
time="2024-08-07T14:29:10+05:00" level=info msg="Graceful shutdown complete."
time="2024-08-07T14:29:27+05:00" level=info msg="Configuration loaded successfully"
time="2024-08-07T14:29:27+05:00" level=info msg="Connected to the database successfully"
time="2024-08-07T14:29:27+05:00" level=info msg="User service started successfully"
time="2024-08-07T14:34:29+05:00" level=info msg="Received signal: interrupt"
time="2024-08-07T14:34:34+05:00" level=info msg="Graceful shutdown complete."
time="2024-08-07T14:34:39+05:00" level=info msg="Configuration loaded successfully"
time="2024-08-07T14:34:39+05:00" level=info msg="Connected to the database successfully"
time="2024-08-07T14:34:39+05:00" level=info msg="User service started successfully"
time="2024-08-07T14:34:44+05:00" level=error msg="Failed to create user map[error:pq: column \"username\" of relation \"users\" does not exist username:jane doe]"
time="2024-08-07T14:36:50+05:00" level=info msg="Received signal: interrupt"
time="2024-08-07T14:36:55+05:00" level=info msg="Graceful shutdown complete."
time="2024-08-07T14:38:32+05:00" level=info msg="Configuration loaded successfully"
time="2024-08-07T14:38:32+05:00" level=info msg="Connected to the database successfully"
time="2024-08-07T14:38:32+05:00" level=info msg="User service started successfully"
time="2024-08-07T14:38:38+05:00" level=info msg="User created successfully map[user_id:4dc0561c-604b-4f35-a9f2-dd2206a65f13 username:jane doe]"
time="2024-08-07T14:54:23+05:00" level=info msg="Users retrieved successfully by filter map[count:1 role: username:jane doe]"
time="2024-08-07T14:54:23+05:00" level=info msg="Login successful map[username:jane doe]"
time="2024-08-07T14:55:23+05:00" level=info msg="User retrieved successfully map[user_id:4dc0561c-604b-4f35-a9f2-dd2206a65f13 username:jane doe]"
time="2024-08-07T14:55:23+05:00" level=info msg="Token refreshed successfully map[username:jane doe]"
time="2024-08-07T14:55:48+05:00" level=info msg="Received signal: interrupt"
time="2024-08-07T14:55:53+05:00" level=info msg="Graceful shutdown complete."
