time="2024-08-06T16:08:57+05:00" level=info msg="Configuration loaded successfully"
time="2024-08-06T16:08:57+05:00" level=info msg="Connected to country service successfully"
time="2024-08-06T16:08:57+05:00" level=info msg="Connected to event service successfully"
time="2024-08-06T16:08:57+05:00" level=info msg="Connected to athlete service successfully"
time="2024-08-06T16:08:57+05:00" level=info msg="Starting API Gateway on:  :9000"
time="2024-08-06T16:47:13+05:00" level=info msg="Configuration loaded successfully"
time="2024-08-06T16:47:13+05:00" level=info msg="Connected to country service successfully"
time="2024-08-06T16:47:13+05:00" level=info msg="Connected to event service successfully"
time="2024-08-06T16:47:13+05:00" level=info msg="Connected to athlete service successfully"
time="2024-08-06T16:47:13+05:00" level=info msg="Starting API Gateway on:  :9000"
time="2024-08-06T17:22:21+05:00" level=info msg="Configuration loaded successfully"
time="2024-08-06T17:22:21+05:00" level=info msg="Connected to country service successfully"
time="2024-08-06T17:22:21+05:00" level=info msg="Connected to event service successfully"
time="2024-08-06T17:22:21+05:00" level=info msg="Connected to athlete service successfully"
time="2024-08-06T17:22:21+05:00" level=info msg="Starting API Gateway on:  :9000"
time="2024-08-06T17:44:48+05:00" level=info msg="Configuration loaded successfully"
time="2024-08-06T17:44:48+05:00" level=info msg="Connected to country service successfully"
time="2024-08-06T17:44:48+05:00" level=info msg="Connected to event service successfully"
time="2024-08-06T17:44:48+05:00" level=info msg="Connected to athlete service successfully"
time="2024-08-06T17:44:48+05:00" level=info msg="Starting API Gateway on:  :9000"
time="2024-08-06T17:45:17+05:00" level=info msg="CreateCountry: Country created successfully:  map[id:a4ab6bcc-bc25-4738-aa71-766ec56515f5 name:United States]"
time="2024-08-06T17:46:24+05:00" level=info msg="ListOfCountry: Countries retrieved successfully"
time="2024-08-06T17:46:50+05:00" level=info msg="GetCountry: Country retrieved successfully:  map[name:United States]"
time="2024-08-06T17:47:41+05:00" level=error msg="UpdateCountry: Failed to update country with ID  map[id:a4ab6bcc-bc25-4738-aa71-766ec56515f]"
time="2024-08-06T17:47:49+05:00" level=error msg="UpdateCountry: Failed to update country with ID  map[id:a4ab6bcc-bc25-4738-aa71-766ec56515f2]"
time="2024-08-06T17:48:10+05:00" level=info msg="UpdateCountry: Country updated successfully:  map[time:2024-08-06T17:48:10.965379Z]"
time="2024-08-06T20:26:24+05:00" level=info msg="Configuration loaded successfully"
time="2024-08-06T20:26:24+05:00" level=info msg="Connected to country service successfully"
time="2024-08-06T20:26:24+05:00" level=info msg="Connected to event service successfully"
time="2024-08-06T20:26:24+05:00" level=info msg="Connected to athlete service successfully"
time="2024-08-06T20:26:24+05:00" level=info msg="API Gateway started successfully"
time="2024-08-06T20:26:24+05:00" level=info msg="Starting API Gateway on:  :9000"
time="2024-08-06T20:27:21+05:00" level=info msg="CreateCountry: Country created successfully:  map[id:11da3955-312e-480e-adc6-f4bd8439020d name:United States]"
time="2024-08-06T20:27:37+05:00" level=info msg="ListOfCountry: Countries retrieved successfully"
time="2024-08-06T20:28:08+05:00" level=info msg="GetCountry: Country retrieved successfully:  map[name:United Kingdom]"
time="2024-08-06T20:41:18+05:00" level=info msg="UpdateCountry: Country updated successfully:  map[time:2024-08-06T20:41:18.014151Z]"
time="2024-08-06T20:41:43+05:00" level=info msg="DeleteCountry: Country deleted successfully:  deleted successfully"
time="2024-08-06T20:41:52+05:00" level=info msg="ListOfCountry: Countries retrieved successfully"
time="2024-08-06T20:43:03+05:00" level=info msg="CreateEvent: Event created successfully:  map[id:a96a3276-b0f8-4678-9f77-8a7890a1f2e3 name:Summer Olympics]"
time="2024-08-06T20:43:13+05:00" level=info msg="ListOfEvent: Events retrieved successfully"
time="2024-08-06T20:43:41+05:00" level=info msg="GetEvent: Event retrieved successfully:  map[name:Summer Olympics]"
time="2024-08-06T20:44:31+05:00" level=error msg="UpdateEvent: Failed to update event with ID  map[id:a96a3276-b0f8-4678-9f77-8a7890a1f2e3]"
time="2024-08-06T20:45:21+05:00" level=info msg="UpdateEvent: Event updated successfully:  map[time:2024-08-06T20:45:21.260368Z]"
time="2024-08-06T20:45:42+05:00" level=info msg="DeleteEvent: Event deleted successfully:  deleted successfully"
time="2024-08-06T20:45:47+05:00" level=info msg="ListOfEvent: Events retrieved successfully"
time="2024-08-06T20:46:44+05:00" level=error msg="CreateAthlete: Failed to create athlete:  rpc error: code = Unknown desc = sql: no rows in result set"
time="2024-08-06T20:46:56+05:00" level=info msg="ListOfCountry: Countries retrieved successfully"
time="2024-08-06T20:47:13+05:00" level=info msg="CreateAthlete: Athlete created successfully:  map[id:f4949c47-17aa-4e71-ba61-49edfa2bf088 name:John Doe]"
time="2024-08-06T20:47:22+05:00" level=error msg="ListOfAthlete: Failed to list athletes:  rpc error: code = Unimplemented desc = method ListOfAthlete not implemented"
time="2024-08-06T20:49:29+05:00" level=info msg="ListOfAthlete: Athletes retrieved successfully"
time="2024-08-06T20:49:44+05:00" level=info msg="GetAthlete: Athlete retrieved successfully:  map[name:John Doe]"
time="2024-08-06T20:50:48+05:00" level=info msg="ListOfAthlete: Athletes retrieved successfully"
time="2024-08-06T20:51:00+05:00" level=error msg="DeleteAthlete: Failed to delete athlete with ID  map[id:949c47-17aa-4e71-ba61-49edfa2bf088]"
time="2024-08-06T20:51:32+05:00" level=info msg="DeleteAthlete: Athlete deleted successfully:  deleted successfully"
time="2024-08-06T20:51:38+05:00" level=info msg="ListOfAthlete: Athletes retrieved successfully"
time="2024-08-06T20:51:48+05:00" level=info msg="Received signal: interrupt"
time="2024-08-06T20:51:48+05:00" level=info msg="Graceful shutdown complete."
time="2024-08-06T21:18:00+05:00" level=info msg="Configuration loaded successfully"
time="2024-08-06T21:18:00+05:00" level=info msg="Connected to country service successfully"
time="2024-08-06T21:18:00+05:00" level=info msg="Connected to event service successfully"
time="2024-08-06T21:18:00+05:00" level=info msg="Connected to athlete service successfully"
time="2024-08-06T21:18:00+05:00" level=info msg="API Gateway started successfully"
time="2024-08-06T21:18:00+05:00" level=info msg="Starting API Gateway on:  :9000"
time="2024-08-06T21:18:01+05:00" level=info msg="Received signal: interrupt"
time="2024-08-06T21:18:01+05:00" level=info msg="Graceful shutdown complete."
time="2024-08-07T10:56:21+05:00" level=info msg="Configuration loaded successfully"
time="2024-08-07T10:56:21+05:00" level=info msg="Connected to user service successfully"
time="2024-08-07T10:56:21+05:00" level=info msg="Connected to medal service successfully"
time="2024-08-07T10:56:21+05:00" level=info msg="Connected to country service successfully"
time="2024-08-07T10:56:21+05:00" level=info msg="Connected to event service successfully"
time="2024-08-07T10:56:21+05:00" level=info msg="Connected to athlete service successfully"
time="2024-08-07T10:56:21+05:00" level=info msg="API Gateway started successfully"
time="2024-08-07T10:56:21+05:00" level=info msg="Starting API Gateway on:  :9000"
time="2024-08-07T10:57:13+05:00" level=info msg="Configuration loaded successfully"
time="2024-08-07T10:57:13+05:00" level=info msg="Connected to user service successfully"
time="2024-08-07T10:57:13+05:00" level=info msg="Connected to medal service successfully"
time="2024-08-07T10:57:13+05:00" level=info msg="Connected to country service successfully"
time="2024-08-07T10:57:13+05:00" level=info msg="Connected to event service successfully"
time="2024-08-07T10:57:13+05:00" level=info msg="Connected to athlete service successfully"
time="2024-08-07T10:57:13+05:00" level=info msg="API Gateway started successfully"
time="2024-08-07T10:57:13+05:00" level=info msg="Starting API Gateway on:  :9000"
time="2024-08-07T14:24:10+05:00" level=info msg="Configuration loaded successfully"
time="2024-08-07T14:24:10+05:00" level=info msg="Connected to user service successfully"
time="2024-08-07T14:24:10+05:00" level=info msg="Connected to medal service successfully"
time="2024-08-07T14:24:10+05:00" level=info msg="Connected to country service successfully"
time="2024-08-07T14:24:10+05:00" level=info msg="Connected to event service successfully"
time="2024-08-07T14:24:10+05:00" level=info msg="Connected to athlete service successfully"
time="2024-08-07T14:24:10+05:00" level=info msg="API Gateway started successfully"
time="2024-08-07T14:24:10+05:00" level=info msg="Starting API Gateway on:  :9000"
time="2024-08-07T14:25:15+05:00" level=error msg="RegisterUser: Failed to register user:  rpc error: code = Unavailable desc = connection error: desc = \"transport: Error while dialing: dial tcp 127.0.0.1:0: connect: connection refused\""
time="2024-08-07T14:27:45+05:00" level=info msg="Received signal: interrupt"
time="2024-08-07T14:27:45+05:00" level=info msg="Graceful shutdown complete."
time="2024-08-07T14:27:48+05:00" level=info msg="Configuration loaded successfully"
time="2024-08-07T14:27:48+05:00" level=info msg="Connected to user service successfully"
time="2024-08-07T14:27:48+05:00" level=info msg="Connected to medal service successfully"
time="2024-08-07T14:27:48+05:00" level=info msg="Connected to country service successfully"
time="2024-08-07T14:27:48+05:00" level=info msg="Connected to event service successfully"
time="2024-08-07T14:27:48+05:00" level=info msg="Connected to athlete service successfully"
time="2024-08-07T14:27:48+05:00" level=info msg="API Gateway started successfully"
time="2024-08-07T14:27:48+05:00" level=info msg="Starting API Gateway on:  :9000"
time="2024-08-07T14:28:19+05:00" level=error msg="RegisterUser: Failed to register user:  rpc error: code = Unavailable desc = connection error: desc = \"transport: Error while dialing: dial tcp 127.0.0.1:8001: connect: connection refused\""
time="2024-08-07T14:29:30+05:00" level=error msg="RegisterUser: Failed to register user:  rpc error: code = Unavailable desc = connection error: desc = \"transport: Error while dialing: dial tcp 127.0.0.1:8001: connect: connection refused\""
time="2024-08-07T14:34:33+05:00" level=info msg="Received signal: interrupt"
time="2024-08-07T14:34:33+05:00" level=info msg="Graceful shutdown complete."
time="2024-08-07T14:34:35+05:00" level=info msg="Configuration loaded successfully"
time="2024-08-07T14:34:35+05:00" level=info msg="Connected to user service successfully"
time="2024-08-07T14:34:35+05:00" level=info msg="Connected to medal service successfully"
time="2024-08-07T14:34:35+05:00" level=info msg="Connected to country service successfully"
time="2024-08-07T14:34:35+05:00" level=info msg="Connected to event service successfully"
time="2024-08-07T14:34:35+05:00" level=info msg="Connected to athlete service successfully"
time="2024-08-07T14:34:35+05:00" level=info msg="API Gateway started successfully"
time="2024-08-07T14:34:35+05:00" level=info msg="Starting API Gateway on:  :9000"
time="2024-08-07T14:34:44+05:00" level=error msg="RegisterUser: Failed to register user:  rpc error: code = Unknown desc = pq: column \"username\" of relation \"users\" does not exist"
time="2024-08-07T14:38:38+05:00" level=info msg="RegisterUser: User registered successfully:  map[id:4dc0561c-604b-4f35-a9f2-dd2206a65f13 role:admin]"
time="2024-08-07T14:54:23+05:00" level=info msg="LoginUser: User logged in successfully:  map[id:4dc0561c-604b-4f35-a9f2-dd2206a65f13 token:eyJhbGciOiJIUzI1NiIsInR5cCI6IkpXVCJ9.eyJleHAiOjE3MjMwMjgwNjMsImlkIjoiNGRjMDU2MWMtNjA0Yi00ZjM1LWE5ZjItZGQyMjA2YTY1ZjEzIiwicm9sZSI6ImFkbWluIiwidXNlcm5hbWUiOiJqYW5lIGRvZSJ9.NKpVHmYmZtXYV5VDgq21QFYgDi7UO2uEGWkLUlZw6Hc]"
time="2024-08-07T14:55:23+05:00" level=info msg="RefreshToken: Token refreshed successfully"
time="2024-08-07T14:55:43+05:00" level=info msg="Received signal: interrupt"
time="2024-08-07T14:55:43+05:00" level=info msg="Graceful shutdown complete."
time="2024-08-07T15:00:33+05:00" level=info msg="Configuration loaded successfully"
time="2024-08-07T15:00:33+05:00" level=info msg="Connected to user service successfully"
time="2024-08-07T15:00:33+05:00" level=info msg="Connected to medal service successfully"
time="2024-08-07T15:00:33+05:00" level=info msg="Connected to country service successfully"
time="2024-08-07T15:00:33+05:00" level=info msg="Connected to event service successfully"
time="2024-08-07T15:00:33+05:00" level=info msg="Connected to athlete service successfully"
time="2024-08-07T15:00:33+05:00" level=info msg="API Gateway started successfully"
time="2024-08-07T15:00:33+05:00" level=info msg="Starting API Gateway on:  :9000"
time="2024-08-07T15:00:56+05:00" level=info msg="Received signal: interrupt"
time="2024-08-07T15:00:56+05:00" level=info msg="Graceful shutdown complete."
time="2024-08-07T15:04:00+05:00" level=info msg="Configuration loaded successfully"
time="2024-08-07T15:04:00+05:00" level=info msg="Connected to user service successfully"
time="2024-08-07T15:04:00+05:00" level=info msg="Connected to medal service successfully"
time="2024-08-07T15:04:00+05:00" level=info msg="Connected to country service successfully"
time="2024-08-07T15:04:00+05:00" level=info msg="Connected to event service successfully"
time="2024-08-07T15:04:00+05:00" level=info msg="Connected to athlete service successfully"
time="2024-08-07T15:04:00+05:00" level=info msg="API Gateway started successfully"
time="2024-08-07T15:04:00+05:00" level=info msg="Starting API Gateway on:  :9000"
time="2024-08-07T15:04:04+05:00" level=info msg="Received signal: interrupt"
time="2024-08-07T15:04:04+05:00" level=info msg="Graceful shutdown complete."
time="2024-08-07T15:04:11+05:00" level=info msg="Configuration loaded successfully"
time="2024-08-07T15:04:11+05:00" level=info msg="Connected to user service successfully"
time="2024-08-07T15:04:11+05:00" level=info msg="Connected to medal service successfully"
time="2024-08-07T15:04:11+05:00" level=info msg="Connected to country service successfully"
time="2024-08-07T15:04:11+05:00" level=info msg="Connected to event service successfully"
time="2024-08-07T15:04:11+05:00" level=info msg="Connected to athlete service successfully"
time="2024-08-07T15:04:11+05:00" level=info msg="API Gateway started successfully"
time="2024-08-07T15:04:11+05:00" level=info msg="Starting API Gateway on:  :9000"
time="2024-08-07T15:04:12+05:00" level=info msg="Received signal: interrupt"
time="2024-08-07T15:04:12+05:00" level=info msg="Graceful shutdown complete."
time="2024-08-07T15:05:58+05:00" level=info msg="Configuration loaded successfully"
time="2024-08-07T15:05:58+05:00" level=info msg="Connected to user service successfully"
time="2024-08-07T15:05:58+05:00" level=info msg="Connected to medal service successfully"
time="2024-08-07T15:05:58+05:00" level=info msg="Connected to country service successfully"
time="2024-08-07T15:05:58+05:00" level=info msg="Connected to event service successfully"
time="2024-08-07T15:05:58+05:00" level=info msg="Connected to athlete service successfully"
time="2024-08-07T15:05:58+05:00" level=info msg="API Gateway started successfully"
time="2024-08-07T15:05:58+05:00" level=info msg="Starting API Gateway on:  :9000"
time="2024-08-07T15:05:59+05:00" level=info msg="Received signal: interrupt"
time="2024-08-07T15:05:59+05:00" level=info msg="Graceful shutdown complete."
